\BOOKMARK [0][-]{chapter.1}{\376\377\000U\000v\000o\000d}{}% 1
\BOOKMARK [1][-]{section.1.1}{\376\377\000M\000o\000t\000o\000r}{chapter.1}% 2
\BOOKMARK [1][-]{section.1.2}{\376\377\000P\000a\000p\000u\001\015\000i\000c\000a\000\040\000g\000a\000s\000a}{chapter.1}% 3
\BOOKMARK [1][-]{section.1.3}{\376\377\000P\000r\000e\000t\000v\000a\000r\000a\001\015}{chapter.1}% 4
\BOOKMARK [2][-]{subsection.1.3.1}{\376\377\000P\000i\000n\000o\000v\000i\000\040\000e\000n\000e\000r\000g\000e\000t\000s\000k\000o\000g\000\040\000p\000r\000e\000t\000v\000a\000r\000a\001\015\000a}{section.1.3}% 5
\BOOKMARK [1][-]{section.1.4}{\376\377\000U\000p\000r\000a\000v\000l\000j\000a\000n\000j\000e\000\040\000m\000o\000t\000o\000r\000o\000m}{chapter.1}% 6
\BOOKMARK [1][-]{section.1.5}{\376\377\000K\000o\000n\000f\000i\000g\000u\000r\000a\000c\000i\000j\000a\000\040\000p\000a\000r\000a\000m\000e\000t\000a\000r\000a\000\040\000p\000r\000e\000t\000v\000a\000r\000a\001\015\000a}{chapter.1}% 7
\BOOKMARK [1][-]{section.1.6}{\376\377\000O\000p\000e\000r\000a\000c\000i\000j\000a\000\040\000i\000d\000e\000n\000t\000i\000f\000i\000k\000a\000c\000i\000j\000e\000\040\000u\000g\000l\000a}{chapter.1}% 8
\BOOKMARK [1][-]{section.1.7}{\376\377\000M\000o\000d\000e\000l\000\040\000v\000o\000z\000i\000l\000a}{chapter.1}% 9
\BOOKMARK [2][-]{subsection.1.7.1}{\376\377\000J\000e\000d\000n\000a\001\015\000i\000n\000e\000\040\000k\000r\000e\000t\000a\000n\000j\000a}{section.1.7}% 10
\BOOKMARK [2][-]{subsection.1.7.2}{\376\377\000K\000r\000e\000t\000a\000n\000j\000e\000\040\000p\000o\000\040\000j\000e\000d\000n\000o\000j\000\040\000o\000s\000i}{section.1.7}% 11
\BOOKMARK [2][-]{subsection.1.7.3}{\376\377\000M\000o\000d\000e\000l\000\040\000g\000u\000m\000e}{section.1.7}% 12
\BOOKMARK [2][-]{subsection.1.7.4}{\376\377\000O\000d\000r\000e\001\021\000i\000v\000a\000n\000j\000e\000\040\000s\000i\000l\000e\000\040\000F\000X}{section.1.7}% 13
\BOOKMARK [0][-]{section*.14}{\376\377\000P\000r\000i\000l\000o\000z\000i}{}% 14
\BOOKMARK [0][-]{appendix.1.A}{\376\377\000I\000n\000s\000t\000a\000l\000a\000c\000i\000j\000a\000\040\000d\000S\000P\000A\000C\000E\000\040\000p\000r\000o\000g\000r\000a\000m\000a}{}% 15
\BOOKMARK [1][-]{section.1.A.1}{\376\377\000T\000e\000k\000s\000t\000u\000a\000l\000n\000i\000\040\000i\000\040\000v\000i\000d\000e\000o\000\040\000v\000o\000d\000i\001\015\000\040\000z\000a\000\040\000i\000n\000s\000t\000a\000l\000a\000c\000i\000j\000u}{appendix.1.A}% 16
\BOOKMARK [1][-]{section.1.A.2}{\376\377\000D\000a\000t\000o\000t\000e\000k\000e\000\040\000z\000a\000\040\000i\000n\000s\000t\000a\000l\000a\000c\000i\000j\000u\000\040\000s\000o\000f\000t\000v\000e\000r\000a}{appendix.1.A}% 17
\BOOKMARK [1][-]{section.1.A.3}{\376\377\000K\000o\000m\000p\000a\000t\000i\000b\000i\000l\000n\000e\000\040\000M\000a\000t\000l\000a\000b\000/\000S\000i\000m\000u\000l\000i\000n\000k\000\040\000d\000i\000s\000t\000r\000i\000b\000u\000c\000i\000j\000e}{appendix.1.A}% 18
\BOOKMARK [1][-]{section.1.A.4}{\376\377\000D\000o\000d\000a\000t\000n\000e\000\040\000p\000o\000s\000t\000a\000v\000k\000e}{appendix.1.A}% 19
\BOOKMARK [1][-]{section.1.A.5}{\376\377\000P\000r\000o\000c\000e\000s\000\040\000i\000n\000s\000t\000a\000l\000a\000c\000i\000j\000e\000\040\000d\000S\000P\000A\000C\000E\000\040\000s\000o\000f\000t\000v\000e\000r\000a}{appendix.1.A}% 20
\BOOKMARK [2][-]{subsection.1.A.5.1}{\376\377\000P\000o\000k\000r\000e\000t\000a\000n\000j\000e\000\040\000i\000n\000s\000t\000a\000l\000a\000c\000i\000j\000e}{section.1.A.5}% 21
\BOOKMARK [2][-]{subsection.1.A.5.2}{\376\377\000I\000n\000s\000t\000a\000l\000a\000c\000i\000j\000a\000,\000\040\000m\000o\000d\000i\000f\000i\000k\000a\000c\000i\000j\000a\000,\000\040\000b\000r\000i\000s\000a\000n\000j\000e\000\040\000i\000\040\000p\000o\000p\000r\000a\000v\000l\000j\000a\000n\000j\000e\000\040\000d\000S\000P\000A\000C\000E\000\040\000s\000o\000f\000t\000v\000e\000r\000a}{section.1.A.5}% 22
\BOOKMARK [2][-]{subsection.1.A.5.3}{\376\377\000I\000n\000s\000t\000a\000l\000a\000c\000i\000j\000a\000\040\000d\000i\000j\000e\000l\000o\000v\000a\000\040\000p\000r\000o\000g\000r\000a\000m\000a}{section.1.A.5}% 23
\BOOKMARK [2][-]{subsection.1.A.5.4}{\376\377\000S\000u\000m\000m\000a\000r\000y\000\040\000p\000a\000g\000e}{section.1.A.5}% 24
\BOOKMARK [2][-]{subsection.1.A.5.5}{\376\377\000Z\000a\000v\000r\001\141\000e\000t\000a\000k\000\040\000i\000n\000s\000t\000a\000l\000a\000c\000i\000j\000e}{section.1.A.5}% 25
\BOOKMARK [2][-]{subsection.1.A.5.6}{\376\377\000P\000r\000e\000u\000z\000i\000m\000a\000n\000j\000e\000\040\000i\000\040\000i\000n\000s\000t\000a\000l\000i\000r\000a\000n\000j\000e\000\040\000z\000a\000k\000r\000p\000a}{section.1.A.5}% 26
\BOOKMARK [1][-]{section.1.A.6}{\376\377\000I\000n\000t\000e\000g\000r\000a\000c\000i\000j\000a\000\040\000d\000S\000P\000A\000C\000E\000\040\000s\000o\000f\000t\000v\000e\000r\000a\000\040\000s\000a\000\040\000M\000a\000t\000l\000a\000b\000/\000S\000i\000m\000u\000l\000i\000n\000k\000\040\000r\000a\000z\000v\000o\000j\000n\000i\000m\000\040\000o\000k\000r\000u\001\176\000e\000n\000j\000e\000m}{appendix.1.A}% 27
\BOOKMARK [1][-]{section.1.A.7}{\376\377\000L\000i\000c\000e\000n\000c\000i\000r\000a\000n\000j\000e\000\040\000i\000\040\000d\000e\000k\000r\000i\000p\000c\000i\000j\000a\000\040\000d\000S\000P\000A\000C\000E\000\040\000s\000o\000f\000t\000v\000e\000r\000a}{appendix.1.A}% 28
\BOOKMARK [0][-]{appendix.1.B}{\376\377\0008\0000\0000\0000\000W\000\040\000D\000C\000\040\000B\000r\000u\000s\000h\000l\000e\000s\000s\000\040\000C\000a\000r\000\040\000M\000o\000t\000o\000r\000\040\000D\000a\000t\000a\000s\000h\000e\000e\000t}{}% 29
\BOOKMARK [0][-]{appendix.1.C}{\376\377\000C\000o\000n\000t\000r\000o\000l\000\040\000B\000o\000x}{}% 30
\BOOKMARK [0][-]{appendix.1.C}{\376\377\000L\000i\000t\000e\000r\000a\000t\000u\000r\000a}{}% 31
