This is pdfTeX, Version 3.141592653-2.6-1.40.23 (MiKTeX 21.8) (preloaded format=pdflatex 2021.9.24)  25 SEP 2021 11:42
entering extended mode
**./Halimic_Electric_Car_Control.tex
(Halimic_Electric_Car_Control.tex
LaTeX2e <2021-06-01> patch level 1
L3 programming layer <2021-08-27>
(C:\Users\Pojkan\AppData\Local\Programs\MiKTeX\tex/latex/base\book.cls
Document Class: book 2021/02/12 v1.4n Standard LaTeX document class
(C:\Users\Pojkan\AppData\Local\Programs\MiKTeX\tex/latex/base\bk12.clo
File: bk12.clo 2021/02/12 v1.4n Standard LaTeX file (size option)
)
\c@part=\count182
\c@chapter=\count183
\c@section=\count184
\c@subsection=\count185
\c@subsubsection=\count186
\c@paragraph=\count187
\c@subparagraph=\count188
\c@figure=\count189
\c@table=\count190
\abovecaptionskip=\skip47
\belowcaptionskip=\skip48
\bibindent=\dimen138
)
(C:\Users\Pojkan\AppData\Local\Programs\MiKTeX\tex/latex/etex-pkg\etex.sty
Package: etex 2016/08/01 v2.7 eTeX basic definition package (PEB,DPC)
\et@xins=\count191
)
(C:\Users\Pojkan\AppData\Local\Programs\MiKTeX\tex/latex/xcolor\xcolor.sty
Package: xcolor 2016/05/11 v2.12 LaTeX color extensions (UK)

(C:\Users\Pojkan\AppData\Local\Programs\MiKTeX\tex/latex/graphics-cfg\color.cfg
File: color.cfg 2016/01/02 v1.6 sample color configuration
)
Package xcolor Info: Driver file: pdftex.def on input line 225.

(C:\Users\Pojkan\AppData\Local\Programs\MiKTeX\tex/latex/graphics-def\pdftex.de
f
File: pdftex.def 2020/10/05 v1.2a Graphics/color driver for pdftex
)
Package xcolor Info: Model `cmy' substituted by `cmy0' on input line 1348.
Package xcolor Info: Model `hsb' substituted by `rgb' on input line 1352.
Package xcolor Info: Model `RGB' extended on input line 1364.
Package xcolor Info: Model `HTML' substituted by `rgb' on input line 1366.
Package xcolor Info: Model `Hsb' substituted by `hsb' on input line 1367.
Package xcolor Info: Model `tHsb' substituted by `hsb' on input line 1368.
Package xcolor Info: Model `HSB' substituted by `hsb' on input line 1369.
Package xcolor Info: Model `Gray' substituted by `gray' on input line 1370.
Package xcolor Info: Model `wave' substituted by `hsb' on input line 1371.
)
(C:\Users\Pojkan\AppData\Local\Programs\MiKTeX\tex/latex/graphics\graphicx.sty
Package: graphicx 2020/12/05 v1.2c Enhanced LaTeX Graphics (DPC,SPQR)

(C:\Users\Pojkan\AppData\Local\Programs\MiKTeX\tex/latex/graphics\keyval.sty
Package: keyval 2014/10/28 v1.15 key=value parser (DPC)
\KV@toks@=\toks16
)
(C:\Users\Pojkan\AppData\Local\Programs\MiKTeX\tex/latex/graphics\graphics.sty
Package: graphics 2021/03/04 v1.4d Standard LaTeX Graphics (DPC,SPQR)

(C:\Users\Pojkan\AppData\Local\Programs\MiKTeX\tex/latex/graphics\trig.sty
Package: trig 2016/01/03 v1.10 sin cos tan (DPC)
)
(C:\Users\Pojkan\AppData\Local\Programs\MiKTeX\tex/latex/graphics-cfg\graphics.
cfg
File: graphics.cfg 2016/06/04 v1.11 sample graphics configuration
)
Package graphics Info: Driver file: pdftex.def on input line 107.
)
\Gin@req@height=\dimen139
\Gin@req@width=\dimen140
)
(C:\Users\Pojkan\AppData\Local\Programs\MiKTeX\tex/latex/graphics\rotating.sty
Package: rotating 2016/08/11 v2.16d rotated objects in LaTeX

(C:\Users\Pojkan\AppData\Local\Programs\MiKTeX\tex/latex/base\ifthen.sty
Package: ifthen 2020/11/24 v1.1c Standard LaTeX ifthen package (DPC)
)
\c@r@tfl@t=\count192
\rotFPtop=\skip49
\rotFPbot=\skip50
\rot@float@box=\box50
\rot@mess@toks=\toks17
)
(C:\Users\Pojkan\AppData\Local\Programs\MiKTeX\tex/latex/graphics\epsfig.sty
Package: epsfig 2017/06/25 v1.7b (e)psfig emulation (SPQR)
\epsfxsize=\dimen141
\epsfysize=\dimen142
)
(C:\Users\Pojkan\AppData\Local\Programs\MiKTeX\tex/latex/epstopdf-pkg\epstopdf.
sty
Package: epstopdf 2020-01-24 v2.11 Conversion with epstopdf on the fly (HO)

(C:\Users\Pojkan\AppData\Local\Programs\MiKTeX\tex/generic/infwarerr\infwarerr.
sty
Package: infwarerr 2019/12/03 v1.5 Providing info/warning/error messages (HO)
) (C:\Users\Pojkan\AppData\Local\Programs\MiKTeX\tex/latex/grfext\grfext.sty
Package: grfext 2019/12/03 v1.3 Manage graphics extensions (HO)

(C:\Users\Pojkan\AppData\Local\Programs\MiKTeX\tex/generic/kvdefinekeys\kvdefin
ekeys.sty
Package: kvdefinekeys 2019-12-19 v1.6 Define keys (HO)
))
(C:\Users\Pojkan\AppData\Local\Programs\MiKTeX\tex/latex/kvoptions\kvoptions.st
y
Package: kvoptions 2020-10-07 v3.14 Key value format for package options (HO)

(C:\Users\Pojkan\AppData\Local\Programs\MiKTeX\tex/generic/ltxcmds\ltxcmds.sty
Package: ltxcmds 2020-05-10 v1.25 LaTeX kernel commands for general use (HO)
)
(C:\Users\Pojkan\AppData\Local\Programs\MiKTeX\tex/generic/kvsetkeys\kvsetkeys.
sty
Package: kvsetkeys 2019/12/15 v1.18 Key value parser (HO)
))
(C:\Users\Pojkan\AppData\Local\Programs\MiKTeX\tex/generic/pdftexcmds\pdftexcmd
s.sty
Package: pdftexcmds 2020-06-27 v0.33 Utility functions of pdfTeX for LuaTeX (HO
)

(C:\Users\Pojkan\AppData\Local\Programs\MiKTeX\tex/generic/iftex\iftex.sty
Package: iftex 2020/03/06 v1.0d TeX engine tests
)
Package pdftexcmds Info: \pdf@primitive is available.
Package pdftexcmds Info: \pdf@ifprimitive is available.
Package pdftexcmds Info: \pdfdraftmode found.
)
(C:\Users\Pojkan\AppData\Local\Programs\MiKTeX\tex/latex/epstopdf-pkg\epstopdf-
base.sty
Package: epstopdf-base 2020-01-24 v2.11 Base part for package epstopdf
Package epstopdf-base Info: Redefining graphics rule for `.eps' on input line 4
85.
Package grfext Info: Graphics extension search list:
(grfext)             [.pdf,.png,.jpg,.mps,.jpeg,.jbig2,.jb2,.PDF,.PNG,.JPG,.JPE
G,.JBIG2,.JB2,.eps]
(grfext)             \AppendGraphicsExtensions on input line 504.

(C:\Users\Pojkan\AppData\Local\Programs\MiKTeX\tex/latex/00miktex\epstopdf-sys.
cfg
File: epstopdf-sys.cfg 2021/03/18 v2.0 Configuration of epstopdf for MiKTeX
)))
(C:\Users\Pojkan\AppData\Local\Programs\MiKTeX\tex/latex/base\fontenc.sty
Package: fontenc 2021/04/29 v2.0v Standard LaTeX package
)
(C:\Users\Pojkan\AppData\Local\Programs\MiKTeX\tex/latex/base\inputenc.sty
Package: inputenc 2021/02/14 v1.3d Input encoding file
\inpenc@prehook=\toks18
\inpenc@posthook=\toks19
)
(C:\Users\Pojkan\AppData\Local\Programs\MiKTeX\tex/latex/cmap\cmap.sty
Package: cmap 2021/02/06 v1.0j CMap support: searchable PDF


Package cmap Warning: fontenc already loaded - some fonts may be unprocessed.

) (C:\Users\Pojkan\AppData\Local\Programs\MiKTeX\tex/generic/babel\babel.sty
Package: babel 2021/07/22 3.63 The Babel package

(C:\Users\Pojkan\AppData\Local\Programs\MiKTeX\tex/generic/babel\babel.def
File: babel.def 2021/07/22 3.63 Babel common definitions
\babel@savecnt=\count193
\U@D=\dimen143
\l@unhyphenated=\language79

(C:\Users\Pojkan\AppData\Local\Programs\MiKTeX\tex/generic/babel\txtbabel.def)
\bbl@readstream=\read2
)
\bbl@dirlevel=\count194
*************************************
* Local config file bblopts.cfg used
*
(C:\Users\Pojkan\AppData\Local\Programs\MiKTeX\tex/latex/arabi\bblopts.cfg
File: bblopts.cfg 2005/09/08 v0.1 add Arabic and Farsi to "declared" options of
 babel
)
(C:\Users\Pojkan\AppData\Local\Programs\MiKTeX\tex/latex/babel-croatian\croatia
n.ldf
Language: croatian 2014/03/31 v1.3m Croatian support from the babel system
))
(C:\Users\Pojkan\AppData\Local\Programs\MiKTeX\tex/latex/hyperref\hyperref.sty
Package: hyperref 2021-06-07 v7.00m Hypertext links for LaTeX

(C:\Users\Pojkan\AppData\Local\Programs\MiKTeX\tex/generic/pdfescape\pdfescape.
sty
Package: pdfescape 2019/12/09 v1.15 Implements pdfTeX's escape features (HO)
)
(C:\Users\Pojkan\AppData\Local\Programs\MiKTeX\tex/latex/hycolor\hycolor.sty
Package: hycolor 2020-01-27 v1.10 Color options for hyperref/bookmark (HO)
)
(C:\Users\Pojkan\AppData\Local\Programs\MiKTeX\tex/latex/letltxmacro\letltxmacr
o.sty
Package: letltxmacro 2019/12/03 v1.6 Let assignment for LaTeX macros (HO)
)
(C:\Users\Pojkan\AppData\Local\Programs\MiKTeX\tex/latex/auxhook\auxhook.sty
Package: auxhook 2019-12-17 v1.6 Hooks for auxiliary files (HO)
)
\@linkdim=\dimen144
\Hy@linkcounter=\count195
\Hy@pagecounter=\count196

(C:\Users\Pojkan\AppData\Local\Programs\MiKTeX\tex/latex/hyperref\pd1enc.def
File: pd1enc.def 2021-06-07 v7.00m Hyperref: PDFDocEncoding definition (HO)
Now handling font encoding PD1 ...
... no UTF-8 mapping file for font encoding PD1
)
(C:\Users\Pojkan\AppData\Local\Programs\MiKTeX\tex/latex/hyperref\hyperref-lang
patches.def
File: hyperref-langpatches.def 2021-06-07 v7.00m Hyperref: patches for babel la
nguages
)
(C:\Users\Pojkan\AppData\Local\Programs\MiKTeX\tex/generic/intcalc\intcalc.sty
Package: intcalc 2019/12/15 v1.3 Expandable calculations with integers (HO)
)
(C:\Users\Pojkan\AppData\Local\Programs\MiKTeX\tex/generic/etexcmds\etexcmds.st
y
Package: etexcmds 2019/12/15 v1.7 Avoid name clashes with e-TeX commands (HO)
)
\Hy@SavedSpaceFactor=\count197
 (C:\Users\Pojkan\AppData\Local\Programs\MiKTeX\tex/latex/hyperref\puenc.def
File: puenc.def 2021-06-07 v7.00m Hyperref: PDF Unicode definition (HO)
Now handling font encoding PU ...
... no UTF-8 mapping file for font encoding PU
)
Package hyperref Info: Option `unicode' set `true' on input line 4073.
Package hyperref Info: Hyper figures OFF on input line 4192.
Package hyperref Info: Link nesting OFF on input line 4197.
Package hyperref Info: Hyper index ON on input line 4200.
Package hyperref Info: Plain pages OFF on input line 4207.
Package hyperref Info: Backreferencing OFF on input line 4212.
Package hyperref Info: Implicit mode ON; LaTeX internals redefined.
Package hyperref Info: Bookmarks ON on input line 4445.
\c@Hy@tempcnt=\count198
(C:\Users\Pojkan\AppData\Local\Programs\MiKTeX\tex/latex/url\url.sty
\Urlmuskip=\muskip16
Package: url 2013/09/16  ver 3.4  Verb mode for urls, etc.
)
LaTeX Info: Redefining \url on input line 4804.
\XeTeXLinkMargin=\dimen145

(C:\Users\Pojkan\AppData\Local\Programs\MiKTeX\tex/generic/bitset\bitset.sty
Package: bitset 2019/12/09 v1.3 Handle bit-vector datatype (HO)

(C:\Users\Pojkan\AppData\Local\Programs\MiKTeX\tex/generic/bigintcalc\bigintcal
c.sty
Package: bigintcalc 2019/12/15 v1.5 Expandable calculations on big integers (HO
)
))
\Fld@menulength=\count199
\Field@Width=\dimen146
\Fld@charsize=\dimen147
Package hyperref Info: Hyper figures OFF on input line 6076.
Package hyperref Info: Link nesting OFF on input line 6081.
Package hyperref Info: Hyper index ON on input line 6084.
Package hyperref Info: backreferencing OFF on input line 6091.
Package hyperref Info: Link coloring OFF on input line 6096.
Package hyperref Info: Link coloring with OCG OFF on input line 6101.
Package hyperref Info: PDF/A mode OFF on input line 6106.
LaTeX Info: Redefining \ref on input line 6146.
LaTeX Info: Redefining \pageref on input line 6150.

(C:\Users\Pojkan\AppData\Local\Programs\MiKTeX\tex/latex/base\atbegshi-ltx.sty
Package: atbegshi-ltx 2021/01/10 v1.0c Emulation of the original atbegshi
package with kernel methods
)
Normal \count register pool exhausted, switching to extended pool.
\Hy@abspage=\count277
\c@Item=\count278
\c@Hfootnote=\count279
)
Package hyperref Info: Driver (autodetected): hpdftex.
 (C:\Users\Pojkan\AppData\Local\Programs\MiKTeX\tex/latex/hyperref\hpdftex.def
File: hpdftex.def 2021-06-07 v7.00m Hyperref driver for pdfTeX

(C:\Users\Pojkan\AppData\Local\Programs\MiKTeX\tex/latex/base\atveryend-ltx.sty
Package: atveryend-ltx 2020/08/19 v1.0a Emulation of the original atvery packag
e
with kernel methods
)
\Fld@listcount=\count280
\c@bookmark@seq@number=\count281

(C:\Users\Pojkan\AppData\Local\Programs\MiKTeX\tex/latex/rerunfilecheck\rerunfi
lecheck.sty
Package: rerunfilecheck 2019/12/05 v1.9 Rerun checks for auxiliary files (HO)

(C:\Users\Pojkan\AppData\Local\Programs\MiKTeX\tex/generic/uniquecounter\unique
counter.sty
Package: uniquecounter 2019/12/15 v1.4 Provide unlimited unique counter (HO)
)
Package uniquecounter Info: New unique counter `rerunfilecheck' on input line 2
86.
)
\Hy@SectionHShift=\skip51
)
(C:\Users\Pojkan\AppData\Local\Programs\MiKTeX\tex/latex/psnfss\mathptmx.sty
Package: mathptmx 2020/03/25 PSNFSS-v9.3 Times w/ Math, improved (SPQR, WaS) 
LaTeX Font Info:    Redeclaring symbol font `operators' on input line 28.
LaTeX Font Info:    Overwriting symbol font `operators' in version `normal'
(Font)                  OT1/cmr/m/n --> OT1/ztmcm/m/n on input line 28.
LaTeX Font Info:    Overwriting symbol font `operators' in version `bold'
(Font)                  OT1/cmr/bx/n --> OT1/ztmcm/m/n on input line 28.
LaTeX Font Info:    Redeclaring symbol font `letters' on input line 29.
LaTeX Font Info:    Overwriting symbol font `letters' in version `normal'
(Font)                  OML/cmm/m/it --> OML/ztmcm/m/it on input line 29.
LaTeX Font Info:    Overwriting symbol font `letters' in version `bold'
(Font)                  OML/cmm/b/it --> OML/ztmcm/m/it on input line 29.
LaTeX Font Info:    Redeclaring symbol font `symbols' on input line 30.
LaTeX Font Info:    Overwriting symbol font `symbols' in version `normal'
(Font)                  OMS/cmsy/m/n --> OMS/ztmcm/m/n on input line 30.
LaTeX Font Info:    Overwriting symbol font `symbols' in version `bold'
(Font)                  OMS/cmsy/b/n --> OMS/ztmcm/m/n on input line 30.
LaTeX Font Info:    Redeclaring symbol font `largesymbols' on input line 31.
LaTeX Font Info:    Overwriting symbol font `largesymbols' in version `normal'
(Font)                  OMX/cmex/m/n --> OMX/ztmcm/m/n on input line 31.
LaTeX Font Info:    Overwriting symbol font `largesymbols' in version `bold'
(Font)                  OMX/cmex/m/n --> OMX/ztmcm/m/n on input line 31.
\symbold=\mathgroup4
\symitalic=\mathgroup5
LaTeX Font Info:    Redeclaring math alphabet \mathbf on input line 34.
LaTeX Font Info:    Overwriting math alphabet `\mathbf' in version `normal'
(Font)                  OT1/cmr/bx/n --> OT1/ptm/bx/n on input line 34.
LaTeX Font Info:    Overwriting math alphabet `\mathbf' in version `bold'
(Font)                  OT1/cmr/bx/n --> OT1/ptm/bx/n on input line 34.
LaTeX Font Info:    Redeclaring math alphabet \mathit on input line 35.
LaTeX Font Info:    Overwriting math alphabet `\mathit' in version `normal'
(Font)                  OT1/cmr/m/it --> OT1/ptm/m/it on input line 35.
LaTeX Font Info:    Overwriting math alphabet `\mathit' in version `bold'
(Font)                  OT1/cmr/bx/it --> OT1/ptm/m/it on input line 35.
LaTeX Info: Redefining \hbar on input line 50.
)
(C:\Users\Pojkan\AppData\Local\Programs\MiKTeX\tex/latex/amsmath\amscd.sty
Package: amscd 2017/04/14 v2.1 AMS Commutative Diagrams

(C:\Users\Pojkan\AppData\Local\Programs\MiKTeX\tex/latex/amsmath\amsgen.sty
File: amsgen.sty 1999/11/30 v2.0 generic functions
\@emptytoks=\toks20
\ex@=\dimen148
)
\athelp@=\toks21
\minaw@=\dimen149
\bigaw@=\dimen150
\minCDarrowwidth=\dimen151
)
(C:\Users\Pojkan\AppData\Local\Programs\MiKTeX\tex/latex/amsfonts\amssymb.sty
Package: amssymb 2013/01/14 v3.01 AMS font symbols

(C:\Users\Pojkan\AppData\Local\Programs\MiKTeX\tex/latex/amsfonts\amsfonts.sty
Package: amsfonts 2013/01/14 v3.01 Basic AMSFonts support
\symAMSa=\mathgroup6
\symAMSb=\mathgroup7
LaTeX Font Info:    Overwriting math alphabet `\mathfrak' in version `bold'
(Font)                  U/euf/m/n --> U/euf/b/n on input line 106.
)) (C:\Users\Pojkan\AppData\Local\Programs\MiKTeX\tex/latex/amsmath\amsmath.sty
Package: amsmath 2021/04/20 v2.17j AMS math features
\@mathmargin=\skip52

For additional information on amsmath, use the `?' option.
(C:\Users\Pojkan\AppData\Local\Programs\MiKTeX\tex/latex/amsmath\amstext.sty
Package: amstext 2000/06/29 v2.01 AMS text
)
(C:\Users\Pojkan\AppData\Local\Programs\MiKTeX\tex/latex/amsmath\amsbsy.sty
Package: amsbsy 1999/11/29 v1.2d Bold Symbols
\pmbraise@=\dimen152
)
(C:\Users\Pojkan\AppData\Local\Programs\MiKTeX\tex/latex/amsmath\amsopn.sty
Package: amsopn 2016/03/08 v2.02 operator names
)
\inf@bad=\count282
LaTeX Info: Redefining \frac on input line 234.
\uproot@=\count283
\leftroot@=\count284
LaTeX Info: Redefining \overline on input line 399.
\classnum@=\count285
\DOTSCASE@=\count286
LaTeX Info: Redefining \ldots on input line 496.
LaTeX Info: Redefining \dots on input line 499.
LaTeX Info: Redefining \cdots on input line 620.
\Mathstrutbox@=\box51
\strutbox@=\box52
\big@size=\dimen153
LaTeX Font Info:    Redeclaring font encoding OML on input line 743.
LaTeX Font Info:    Redeclaring font encoding OMS on input line 744.
\macc@depth=\count287
\c@MaxMatrixCols=\count288
\dotsspace@=\muskip17
\c@parentequation=\count289
\dspbrk@lvl=\count290
\tag@help=\toks22
\row@=\count291
\column@=\count292
\maxfields@=\count293
\andhelp@=\toks23
\eqnshift@=\dimen154
\alignsep@=\dimen155
\tagshift@=\dimen156
\tagwidth@=\dimen157
\totwidth@=\dimen158
\lineht@=\dimen159
\@envbody=\toks24
\multlinegap=\skip53
\multlinetaggap=\skip54
\mathdisplay@stack=\toks25
LaTeX Info: Redefining \[ on input line 2923.
LaTeX Info: Redefining \] on input line 2924.
)
(C:\Users\Pojkan\AppData\Local\Programs\MiKTeX\tex/latex/pdfpages\pdfpages.sty
Package: pdfpages 2021/03/06 v0.5t Insert pages of external PDF documents (AM)

(C:\Users\Pojkan\AppData\Local\Programs\MiKTeX\tex/latex/tools\calc.sty
Package: calc 2017/05/25 v4.3 Infix arithmetic (KKT,FJ)
\calc@Acount=\count294
\calc@Bcount=\count295
\calc@Adimen=\dimen160
\calc@Bdimen=\dimen161
\calc@Askip=\skip55
\calc@Bskip=\skip56
LaTeX Info: Redefining \setlength on input line 80.
LaTeX Info: Redefining \addtolength on input line 81.
\calc@Ccount=\count296
\calc@Cskip=\skip57
)
(C:\Users\Pojkan\AppData\Local\Programs\MiKTeX\tex/latex/eso-pic\eso-pic.sty
Package: eso-pic 2020/10/14 v3.0a eso-pic (RN)
\ESO@tempdima=\dimen162
\ESO@tempdimb=\dimen163
)
\AM@pagewidth=\dimen164
\AM@pageheight=\dimen165
\AM@fboxrule=\dimen166

(C:\Users\Pojkan\AppData\Local\Programs\MiKTeX\tex/latex/pdfpages\pppdftex.def
File: pppdftex.def 2021/03/06 v0.5t Pdfpages driver for pdfTeX (AM)
)
\pdfpages@includegraphics@status=\count297
\AM@pagebox=\box53
\AM@global@opts=\toks26
\AM@pagecnt=\count298
\AM@toc@title=\toks27
\c@AM@survey=\count299
\AM@templatesizebox=\box54
)
(C:\Users\Pojkan\AppData\Local\Programs\MiKTeX\tex/latex/geometry\geometry.sty
Package: geometry 2020/01/02 v5.9 Page Geometry

(C:\Users\Pojkan\AppData\Local\Programs\MiKTeX\tex/generic/iftex\ifvtex.sty
Package: ifvtex 2019/10/25 v1.7 ifvtex legacy package. Use iftex instead.
)
\Gm@cnth=\count300
\Gm@cntv=\count301
\c@Gm@tempcnt=\count302
\Gm@bindingoffset=\dimen167
\Gm@wd@mp=\dimen168
\Gm@odd@mp=\dimen169
\Gm@even@mp=\dimen170
\Gm@layoutwidth=\dimen171
\Gm@layoutheight=\dimen172
\Gm@layouthoffset=\dimen173
\Gm@layoutvoffset=\dimen174
\Gm@dimlist=\toks28

(C:\Users\Pojkan\AppData\Local\Programs\MiKTeX\tex/latex/geometry\geometry.cfg)
)
(C:\Users\Pojkan\AppData\Local\Programs\MiKTeX\tex/latex/setspace\setspace.sty
Package: setspace 2011/12/19 v6.7a set line spacing
) (C:\Users\Pojkan\AppData\Local\Programs\MiKTeX\tex/latex/tools\hhline.sty
Package: hhline 2020/01/04 v2.04 Table rule package (DPC)
)
(C:\Users\Pojkan\AppData\Local\Programs\MiKTeX\tex/latex/tools\enumerate.sty
Package: enumerate 2015/07/23 v3.00 enumerate extensions (DPC)
\@enLab=\toks29
)
(C:\Users\Pojkan\AppData\Local\Programs\MiKTeX\tex/latex/tools\delarray.sty
Package: delarray 2014/10/28 v1.01 array delimiter package (DPC)

(C:\Users\Pojkan\AppData\Local\Programs\MiKTeX\tex/latex/tools\array.sty
Package: array 2021/04/20 v2.5e Tabular extension package (FMi)
\col@sep=\dimen175
\ar@mcellbox=\box55
\extrarowheight=\dimen176
\NC@list=\toks30
\extratabsurround=\skip58
\backup@length=\skip59
\ar@cellbox=\box56
))
(C:\Users\Pojkan\AppData\Local\Programs\MiKTeX\tex/latex/tools\tabularx.sty
Package: tabularx 2020/01/15 v2.11c `tabularx' package (DPC)
\TX@col@width=\dimen177
\TX@old@table=\dimen178
\TX@old@col=\dimen179
\TX@target=\dimen180
\TX@delta=\dimen181
\TX@cols=\count303
\TX@ftn=\toks31
)
(C:\Users\Pojkan\AppData\Local\Programs\MiKTeX\tex/latex/multirow\multirow.sty
Package: multirow 2021/03/15 v2.8 Span multiple rows of a table
\multirow@colwidth=\skip60
\multirow@cntb=\count304
\multirow@dima=\skip61
\bigstrutjot=\dimen182
) (C:\Users\Pojkan\AppData\Local\Programs\MiKTeX\tex/latex/caption\caption.sty
Package: caption 2020/10/26 v3.5g Customizing captions (AR)

(C:\Users\Pojkan\AppData\Local\Programs\MiKTeX\tex/latex/caption\caption3.sty
Package: caption3 2020/10/21 v2.2e caption3 kernel (AR)
\captionmargin=\dimen183
\captionmargin@=\dimen184
\captionwidth=\dimen185
\caption@tempdima=\dimen186
\caption@indent=\dimen187
\caption@parindent=\dimen188
\caption@hangindent=\dimen189
Package caption Info: Standard document class detected.
)
\c@caption@flags=\count305
\c@continuedfloat=\count306
Package caption Info: hyperref package is loaded.
Package caption Info: rotating package is loaded.
)
(C:\Users\Pojkan\AppData\Local\Programs\MiKTeX\tex/latex/caption\subcaption.sty
Package: subcaption 2020/10/07 v1.3j Sub-captions (AR)
\c@subfigure=\count307
\c@subtable=\count308
) (C:\Users\Pojkan\AppData\Local\Programs\MiKTeX\tex/latex/wasysym\wasysym.sty
Package: wasysym 2020/01/19 v2.4 Wasy-2 symbol support package
\symwasy=\mathgroup8
LaTeX Font Info:    Overwriting symbol font `wasy' in version `bold'
(Font)                  U/wasy/m/n --> U/wasy/b/n on input line 93.
)
(C:\Users\Pojkan\AppData\Local\Programs\MiKTeX\tex/latex/subeqnarray\subeqnarra
y.sty
Package: subeqnarray 2004/04/15 v2.1c subeqnarray package
\c@subequation=\count309
)
(C:\Users\Pojkan\AppData\Local\Programs\MiKTeX\tex/latex/pdflscape\pdflscape.st
y
Package: pdflscape 2019/12/05 v0.12 Display of landscape pages in PDF (HO)
 (C:\Users\Pojkan\AppData\Local\Programs\MiKTeX\tex/latex/graphics\lscape.sty
Package: lscape 2020/05/28 v3.02 Landscape Pages (DPC)
)
Package pdflscape Info: Auto-detected driver: pdftex on input line 81.
)
(C:\Users\Pojkan\AppData\Local\Programs\MiKTeX\tex/latex/enumitem\enumitem.sty
Package: enumitem 2019/06/20 v3.9 Customized lists
\labelindent=\skip62
\enit@outerparindent=\dimen190
\enit@toks=\toks32
\enit@inbox=\box57
\enit@count@id=\count310
\enitdp@description=\count311
) (C:\Users\Pojkan\AppData\Local\Programs\MiKTeX\tex/latex/appendix\appendix.st
y
Package: appendix 2020/02/08 v1.2c extra appendix facilities
\c@@pps=\count312
\c@@ppsavesec=\count313
\c@@ppsaveapp=\count314
) (C:\Users\Pojkan\AppData\Local\Programs\MiKTeX\tex/latex/base\makeidx.sty
Package: makeidx 2014/09/29 v1.0m Standard LaTeX package
)
(C:\Users\Pojkan\AppData\Local\Programs\MiKTeX\tex/latex/nomencl\nomencl.sty
Package: nomencl 2020/12/29 v5.5 Nomenclature package

(C:\Users\Pojkan\AppData\Local\Programs\MiKTeX\tex/latex/xkeyval\xkeyval.sty
Package: xkeyval 2020/11/20 v2.8 package option processing (HA)

(C:\Users\Pojkan\AppData\Local\Programs\MiKTeX\tex/generic/xkeyval\xkeyval.tex
(C:\Users\Pojkan\AppData\Local\Programs\MiKTeX\tex/generic/xkeyval\xkvutils.tex
\XKV@toks=\toks33
\XKV@tempa@toks=\toks34
)
\XKV@depth=\count315
File: xkeyval.tex 2014/12/03 v2.7a key=value parser (HA)
))
(C:\Users\Pojkan\AppData\Local\Programs\MiKTeX\tex/latex/koma-script\tocbasic.s
ty
Package: tocbasic 2021/06/25 v3.34 KOMA-Script package (handling toc-files)

(C:\Users\Pojkan\AppData\Local\Programs\MiKTeX\tex/latex/koma-script\scrbase.st
y
Package: scrbase 2021/06/25 v3.34 KOMA-Script package (KOMA-Script-independent 
basics and keyval usage)

(C:\Users\Pojkan\AppData\Local\Programs\MiKTeX\tex/latex/koma-script\scrlfile.s
ty
Package: scrlfile 2021/06/25 v3.34 KOMA-Script package (file load hooks)

(C:\Users\Pojkan\AppData\Local\Programs\MiKTeX\tex/latex/koma-script\scrlfile-h
ook.sty
Package: scrlfile-hook 2021/06/25 v3.34 KOMA-Script package (using LaTeX hooks)


(C:\Users\Pojkan\AppData\Local\Programs\MiKTeX\tex/latex/koma-script\scrlogo.st
y
Package: scrlogo 2021/06/25 v3.34 KOMA-Script package (logo)
)))
Applying: [2021/05/01] Usage of raw or classic option list on input line 252.
Already applied: [0000/00/00] Usage of raw or classic option list on input line
 368.
)
\scr@dte@tocline@numberwidth=\skip63
\scr@dte@tocline@numbox=\box58
)
Package tocbasic Info: setting babel extension for `nlo' on input line 187.
Package tocbasic Info: setting babel extension for `nls' on input line 188.
\nomlabelwidth=\dimen191
\nom@tempdim=\dimen192
\nomitemsep=\skip64
)
(C:\Users\Pojkan\AppData\Local\Programs\MiKTeX\tex/latex/listings\listings.sty
\lst@mode=\count316
\lst@gtempboxa=\box59
\lst@token=\toks35
\lst@length=\count317
\lst@currlwidth=\dimen193
\lst@column=\count318
\lst@pos=\count319
\lst@lostspace=\dimen194
\lst@width=\dimen195
\lst@newlines=\count320
\lst@lineno=\count321
\lst@maxwidth=\dimen196

(C:\Users\Pojkan\AppData\Local\Programs\MiKTeX\tex/latex/listings\lstmisc.sty
File: lstmisc.sty 2020/03/24 1.8d (Carsten Heinz)
\c@lstnumber=\count322
\lst@skipnumbers=\count323
\lst@framebox=\box60
)
(C:\Users\Pojkan\AppData\Local\Programs\MiKTeX\tex/latex/listings\listings.cfg
File: listings.cfg 2020/03/24 1.8d listings configuration
))
Package: listings 2020/03/24 1.8d (Carsten Heinz)
 (C:\Users\Pojkan\AppData\Local\Programs\MiKTeX\tex/latex/psnfss\courier.sty
Package: courier 2020/03/25 PSNFSS-v9.3 (WaS) 
)
(C:\Users\Pojkan\AppData\Local\Programs\MiKTeX\tex/latex/fancyhdr\fancyhdr.sty
Package: fancyhdr 2021/01/28 v4.0.1 Extensive control of page headers and foote
rs
\f@nch@headwidth=\skip65
\f@nch@O@elh=\skip66
\f@nch@O@erh=\skip67
\f@nch@O@olh=\skip68
\f@nch@O@orh=\skip69
\f@nch@O@elf=\skip70
\f@nch@O@erf=\skip71
\f@nch@O@olf=\skip72
\f@nch@O@orf=\skip73
) (C:\Users\Pojkan\AppData\Local\Programs\MiKTeX\tex/latex/natbib\natbib.sty
Package: natbib 2010/09/13 8.31b (PWD, AO)
\bibhang=\skip74
\bibsep=\skip75
LaTeX Info: Redefining \cite on input line 694.
\c@NAT@ctr=\count324
)
\@indexfile=\write3
\openout3 = `Halimic_Electric_Car_Control.idx'.


Writing index file Halimic_Electric_Car_Control.idx
\@nomenclaturefile=\write4
\openout4 = `Halimic_Electric_Car_Control.nlo'.

Package nomencl Info: Writing nomenclature file Halimic_Electric_Car_Control.nl
o on input line 120.
LaTeX Font Info:    Trying to load font information for T1+ptm on input line 12
6.
(C:\Users\Pojkan\AppData\Local\Programs\MiKTeX\tex/latex/psnfss\t1ptm.fd
File: t1ptm.fd 2001/06/04 font definitions for T1/ptm.
)<<t1.cmap>>
(C:\Users\Pojkan\AppData\Local\Programs\MiKTeX\tex/latex/l3backend\l3backend-pd
ftex.def
File: l3backend-pdftex.def 2021-08-04 L3 backend support: PDF output (pdfTeX)
\l__color_backend_stack_int=\count325
\l__pdf_internal_box=\box61
) (Halimic_Electric_Car_Control.aux (vehicle_1.aux) (prilog_motor.aux)
(prilog_kelly.aux))
\openout1 = `Halimic_Electric_Car_Control.aux'.

LaTeX Font Info:    Checking defaults for OML/cmm/m/it on input line 126.
LaTeX Font Info:    ... okay on input line 126.
LaTeX Font Info:    Checking defaults for OMS/cmsy/m/n on input line 126.
LaTeX Font Info:    ... okay on input line 126.
LaTeX Font Info:    Checking defaults for OT1/cmr/m/n on input line 126.
LaTeX Font Info:    ... okay on input line 126.
LaTeX Font Info:    Checking defaults for T1/cmr/m/n on input line 126.
LaTeX Font Info:    ... okay on input line 126.
LaTeX Font Info:    Checking defaults for TS1/cmr/m/n on input line 126.
LaTeX Font Info:    ... okay on input line 126.
LaTeX Font Info:    Checking defaults for OMX/cmex/m/n on input line 126.
LaTeX Font Info:    ... okay on input line 126.
LaTeX Font Info:    Checking defaults for U/cmr/m/n on input line 126.
LaTeX Font Info:    ... okay on input line 126.
LaTeX Font Info:    Checking defaults for PD1/pdf/m/n on input line 126.
LaTeX Font Info:    ... okay on input line 126.
LaTeX Font Info:    Checking defaults for PU/pdf/m/n on input line 126.
LaTeX Font Info:    ... okay on input line 126.

(C:\Users\Pojkan\AppData\Local\Programs\MiKTeX\tex/context/base/mkii\supp-pdf.m
kii
[Loading MPS to PDF converter (version 2006.09.02).]
\scratchcounter=\count326
\scratchdimen=\dimen197
\scratchbox=\box62
\nofMPsegments=\count327
\nofMParguments=\count328
\everyMPshowfont=\toks36
\MPscratchCnt=\count329
\MPscratchDim=\dimen198
\MPnumerator=\count330
\makeMPintoPDFobject=\count331
\everyMPtoPDFconversion=\toks37
)
Package hyperref Info: Link coloring OFF on input line 126.
 (C:\Users\Pojkan\AppData\Local\Programs\MiKTeX\tex/latex/hyperref\nameref.sty
Package: nameref 2021-04-02 v2.47 Cross-referencing by name of section
(C:\Users\Pojkan\AppData\Local\Programs\MiKTeX\tex/latex/refcount\refcount.sty
Package: refcount 2019/12/15 v3.6 Data extraction from label references (HO)
)
(C:\Users\Pojkan\AppData\Local\Programs\MiKTeX\tex/generic/gettitlestring\getti
tlestring.sty
Package: gettitlestring 2019/12/15 v1.6 Cleanup title references (HO)
)
\c@section@level=\count332
)
LaTeX Info: Redefining \ref on input line 126.
LaTeX Info: Redefining \pageref on input line 126.
LaTeX Info: Redefining \nameref on input line 126.
 (Halimic_Electric_Car_Control.out)
(Halimic_Electric_Car_Control.out)
\@outlinefile=\write5
\openout5 = `Halimic_Electric_Car_Control.out'.


*geometry* driver: auto-detecting
*geometry* detected driver: pdftex
*geometry* verbose mode - [ preamble ] result:
* driver: pdftex
* paper: a4paper
* layout: <same size as paper>
* layoutoffset:(h,v)=(0.0pt,0.0pt)
* modes: 
* h-part:(L,W,R)=(71.13188pt, 455.24411pt, 71.13188pt)
* v-part:(T,H,B)=(71.13188pt, 702.78308pt, 71.13188pt)
* \paperwidth=597.50787pt
* \paperheight=845.04684pt
* \textwidth=455.24411pt
* \textheight=702.78308pt
* \oddsidemargin=-1.1381pt
* \evensidemargin=-1.1381pt
* \topmargin=-33.0119pt
* \headheight=12.0pt
* \headsep=19.8738pt
* \topskip=12.0pt
* \footskip=30.0pt
* \marginparwidth=38.0pt
* \marginparsep=7.0pt
* \columnsep=10.0pt
* \skip\footins=10.8pt plus 4.0pt minus 2.0pt
* \hoffset=0.0pt
* \voffset=0.0pt
* \mag=1000
* \@twocolumnfalse
* \@twosidefalse
* \@mparswitchfalse
* \@reversemarginfalse
* (1in=72.27pt=25.4mm, 1cm=28.453pt)

Package caption Info: Begin \AtBeginDocument code.
Package caption Info: listings package is loaded.
Package caption Info: End \AtBeginDocument code.
\c@lstlisting=\count333
<etf-logo.png, id=28, 519.9425pt x 411.5375pt>
File: etf-logo.png Graphic file (type png)
<use etf-logo.png>
Package pdftex.def Info: etf-logo.png  used on input line 138.
(pdftex.def)             Requested size: 113.81102pt x 90.08012pt.
[1



{C:/Users/Pojkan/AppData/Local/MiKTeX/pdftex/config/pdftex.map} <./etf-logo.png
>] (Halimic_Electric_Car_Control.toc
LaTeX Font Info:    Trying to load font information for OT1+ztmcm on input line
 4.

(C:\Users\Pojkan\AppData\Local\Programs\MiKTeX\tex/latex/psnfss\ot1ztmcm.fd
File: ot1ztmcm.fd 2000/01/03 Fontinst v1.801 font definitions for OT1/ztmcm.
)<<ot1.cmap>>
LaTeX Font Info:    Trying to load font information for OML+ztmcm on input line
 4.

(C:\Users\Pojkan\AppData\Local\Programs\MiKTeX\tex/latex/psnfss\omlztmcm.fd
File: omlztmcm.fd 2000/01/03 Fontinst v1.801 font definitions for OML/ztmcm.
)<<oml.cmap>>
LaTeX Font Info:    Trying to load font information for OMS+ztmcm on input line
 4.

(C:\Users\Pojkan\AppData\Local\Programs\MiKTeX\tex/latex/psnfss\omsztmcm.fd
File: omsztmcm.fd 2000/01/03 Fontinst v1.801 font definitions for OMS/ztmcm.
)<<oms.cmap>>
LaTeX Font Info:    Trying to load font information for OMX+ztmcm on input line
 4.

(C:\Users\Pojkan\AppData\Local\Programs\MiKTeX\tex/latex/psnfss\omxztmcm.fd
File: omxztmcm.fd 2000/01/03 Fontinst v1.801 font definitions for OMX/ztmcm.
)<<omx.cmap>>
LaTeX Font Info:    Trying to load font information for OT1+ptm on input line 4
.

(C:\Users\Pojkan\AppData\Local\Programs\MiKTeX\tex/latex/psnfss\ot1ptm.fd
File: ot1ptm.fd 2001/06/04 font definitions for OT1/ptm.
)
LaTeX Font Info:    Font shape `OT1/ptm/bx/n' in size <12> not available
(Font)              Font shape `OT1/ptm/b/n' tried instead on input line 4.
LaTeX Font Info:    Font shape `OT1/ptm/bx/n' in size <9> not available
(Font)              Font shape `OT1/ptm/b/n' tried instead on input line 4.
LaTeX Font Info:    Font shape `OT1/ptm/bx/n' in size <7> not available
(Font)              Font shape `OT1/ptm/b/n' tried instead on input line 4.
LaTeX Font Info:    Trying to load font information for U+wasy on input line 4.


(C:\Users\Pojkan\AppData\Local\Programs\MiKTeX\tex/latex/wasysym\uwasy.fd
File: uwasy.fd 2020/01/19 v2.4 Wasy-2 symbol font definitions
))
\tf@toc=\write6
\openout6 = `Halimic_Electric_Car_Control.toc'.

pdfTeX warning (ext4): destination with the same identifier (name{page.i}) has 
been already used, duplicate ignored
<to be read again> 
                   \relax 
l.203 \cleardoublepage
                       % start new page [1

]
\openout2 = `vehicle_1.aux'.

 (vehicle_1.tex
Poglavlje 1.
<slike/electric_car.jpg, id=58, 676.5275pt x 903.375pt>
File: slike/electric_car.jpg Graphic file (type jpg)
<use slike/electric_car.jpg>
Package pdftex.def Info: slike/electric_car.jpg  used on input line 15.
(pdftex.def)             Requested size: 338.26291pt x 451.6864pt.
LaTeX Font Info:    Font shape `OT1/ptm/bx/n' in size <10.95> not available
(Font)              Font shape `OT1/ptm/b/n' tried instead on input line 17.
LaTeX Font Info:    Font shape `OT1/ptm/bx/n' in size <8> not available
(Font)              Font shape `OT1/ptm/b/n' tried instead on input line 17.
LaTeX Font Info:    Font shape `OT1/ptm/bx/n' in size <6> not available
(Font)              Font shape `OT1/ptm/b/n' tried instead on input line 17.
)

Package fancyhdr Warning: \headheight is too small (12.0pt): 
(fancyhdr)                Make it at least 14.49998pt, for example:
(fancyhdr)                \setlength{\headheight}{14.49998pt}.
(fancyhdr)                You might also make \topmargin smaller to compensate:

(fancyhdr)                \addtolength{\topmargin}{-2.49998pt}.

[1




]

Package fancyhdr Warning: \headheight is too small (12.0pt): 
(fancyhdr)                Make it at least 14.49998pt, for example:
(fancyhdr)                \setlength{\headheight}{14.49998pt}.
(fancyhdr)                You might also make \topmargin smaller to compensate:

(fancyhdr)                \addtolength{\topmargin}{-2.49998pt}.

[2 <./slike/electric_car.jpg>]

Package fancyhdr Warning: \headheight is too small (12.0pt): 
(fancyhdr)                Make it at least 14.49998pt, for example:
(fancyhdr)                \setlength{\headheight}{14.49998pt}.
(fancyhdr)                You might also make \topmargin smaller to compensate:

(fancyhdr)                \addtolength{\topmargin}{-2.49998pt}.

[3




]
\openout2 = `prilog_motor.aux'.

 (prilog_motor.tex
Prilog A.
<8000W Car Motor 72V.pdf, id=75, 597.23125pt x 845.1575pt>
File: 8000W Car Motor 72V.pdf Graphic file (type pdf)
<use 8000W Car Motor 72V.pdf>
Package pdftex.def Info: 8000W Car Motor 72V.pdf  used on input line 3.
(pdftex.def)             Requested size: 597.22978pt x 845.15544pt.
File: 8000W Car Motor 72V.pdf Graphic file (type pdf)
<use 8000W Car Motor 72V.pdf>
Package pdftex.def Info: 8000W Car Motor 72V.pdf  used on input line 3.
(pdftex.def)             Requested size: 597.22978pt x 845.15544pt.
<8000W Car Motor 72V.pdf, id=78, page=1, 597.23125pt x 845.1575pt>
File: 8000W Car Motor 72V.pdf Graphic file (type pdf)
<use 8000W Car Motor 72V.pdf, page 1>
Package pdftex.def Info: 8000W Car Motor 72V.pdf , page1 used on input line 3.
(pdftex.def)             Requested size: 597.22978pt x 845.15544pt.
File: 8000W Car Motor 72V.pdf Graphic file (type pdf)
<use 8000W Car Motor 72V.pdf, page 1>
Package pdftex.def Info: 8000W Car Motor 72V.pdf , page1 used on input line 3.
(pdftex.def)             Requested size: 597.25711pt x 845.19412pt.

Package fancyhdr Warning: \headheight is too small (12.0pt): 
(fancyhdr)                Make it at least 14.49998pt, for example:
(fancyhdr)                \setlength{\headheight}{14.49998pt}.
(fancyhdr)                You might also make \topmargin smaller to compensate:

(fancyhdr)                \addtolength{\topmargin}{-2.49998pt}.

[4


]
File: 8000W Car Motor 72V.pdf Graphic file (type pdf)
<use 8000W Car Motor 72V.pdf, page 1>
Package pdftex.def Info: 8000W Car Motor 72V.pdf , page1 used on input line 3.
(pdftex.def)             Requested size: 597.25711pt x 845.19412pt.
File: 8000W Car Motor 72V.pdf Graphic file (type pdf)
<use 8000W Car Motor 72V.pdf, page 1>
Package pdftex.def Info: 8000W Car Motor 72V.pdf , page1 used on input line 3.
(pdftex.def)             Requested size: 597.25711pt x 845.19412pt.
File: 8000W Car Motor 72V.pdf Graphic file (type pdf)
<use 8000W Car Motor 72V.pdf, page 1>
Package pdftex.def Info: 8000W Car Motor 72V.pdf , page1 used on input line 3.
(pdftex.def)             Requested size: 597.25711pt x 845.19412pt.
 [5 <./8000W Car Motor 72V.pdf>]
<8000W Car Motor 72V.pdf, id=107, page=2, 597.23125pt x 845.1575pt>
File: 8000W Car Motor 72V.pdf Graphic file (type pdf)
<use 8000W Car Motor 72V.pdf, page 2>
Package pdftex.def Info: 8000W Car Motor 72V.pdf , page2 used on input line 3.
(pdftex.def)             Requested size: 597.25711pt x 845.19412pt.
File: 8000W Car Motor 72V.pdf Graphic file (type pdf)
<use 8000W Car Motor 72V.pdf, page 2>
Package pdftex.def Info: 8000W Car Motor 72V.pdf , page2 used on input line 3.
(pdftex.def)             Requested size: 597.25711pt x 845.19412pt.
File: 8000W Car Motor 72V.pdf Graphic file (type pdf)
<use 8000W Car Motor 72V.pdf, page 2>
Package pdftex.def Info: 8000W Car Motor 72V.pdf , page2 used on input line 3.
(pdftex.def)             Requested size: 597.25711pt x 845.19412pt.
 [6 <./8000W Car Motor 72V.pdf>]
<8000W Car Motor 72V.pdf, id=114, page=3, 614.295pt x 794.97pt>
File: 8000W Car Motor 72V.pdf Graphic file (type pdf)
<use 8000W Car Motor 72V.pdf, page 3>
Package pdftex.def Info: 8000W Car Motor 72V.pdf , page3 used on input line 3.
(pdftex.def)             Requested size: 614.3216pt x 795.00444pt.
File: 8000W Car Motor 72V.pdf Graphic file (type pdf)
<use 8000W Car Motor 72V.pdf, page 3>
Package pdftex.def Info: 8000W Car Motor 72V.pdf , page3 used on input line 3.
(pdftex.def)             Requested size: 614.3216pt x 795.00444pt.
File: 8000W Car Motor 72V.pdf Graphic file (type pdf)
<use 8000W Car Motor 72V.pdf, page 3>
Package pdftex.def Info: 8000W Car Motor 72V.pdf , page3 used on input line 3.
(pdftex.def)             Requested size: 614.3216pt x 795.00444pt.
 [7 <./8000W Car Motor 72V.pdf>])
\openout2 = `prilog_kelly.aux'.

 (prilog_kelly.tex
Prilog B.


pdfTeX warning: pdflatex (file ./KellyKLS.pdf): PDF inclusion: found PDF versio
n <1.7>, but at most version <1.5> allowed
<KellyKLS.pdf, id=141, 597.53236pt x 845.05714pt>
File: KellyKLS.pdf Graphic file (type pdf)
<use KellyKLS.pdf>
Package pdftex.def Info: KellyKLS.pdf  used on input line 3.
(pdftex.def)             Requested size: 597.5309pt x 845.05507pt.


pdfTeX warning: pdflatex (file ./KellyKLS.pdf): PDF inclusion: found PDF versio
n <1.7>, but at most version <1.5> allowed
File: KellyKLS.pdf Graphic file (type pdf)
<use KellyKLS.pdf>
Package pdftex.def Info: KellyKLS.pdf  used on input line 3.
(pdftex.def)             Requested size: 597.5309pt x 845.05507pt.


pdfTeX warning: pdflatex (file ./KellyKLS.pdf): PDF inclusion: found PDF versio
n <1.7>, but at most version <1.5> allowed
File: KellyKLS.pdf Graphic file (type pdf)
<use KellyKLS.pdf>
Package pdftex.def Info: KellyKLS.pdf  used on input line 3.
(pdftex.def)             Requested size: 597.5309pt x 845.05507pt.


pdfTeX warning: pdflatex (file ./KellyKLS.pdf): PDF inclusion: found PDF versio
n <1.7>, but at most version <1.5> allowed
File: KellyKLS.pdf Graphic file (type pdf)
<use KellyKLS.pdf>
Package pdftex.def Info: KellyKLS.pdf  used on input line 3.
(pdftex.def)             Requested size: 597.5309pt x 845.05507pt.


pdfTeX warning: pdflatex (file ./KellyKLS.pdf): PDF inclusion: found PDF versio
n <1.7>, but at most version <1.5> allowed
File: KellyKLS.pdf Graphic file (type pdf)
<use KellyKLS.pdf>
Package pdftex.def Info: KellyKLS.pdf  used on input line 3.
(pdftex.def)             Requested size: 597.5309pt x 845.05507pt.


pdfTeX warning: pdflatex (file ./KellyKLS.pdf): PDF inclusion: found PDF versio
n <1.7>, but at most version <1.5> allowed
File: KellyKLS.pdf Graphic file (type pdf)
<use KellyKLS.pdf>
Package pdftex.def Info: KellyKLS.pdf  used on input line 3.
(pdftex.def)             Requested size: 597.5309pt x 845.05507pt.


pdfTeX warning: pdflatex (file ./KellyKLS.pdf): PDF inclusion: found PDF versio
n <1.7>, but at most version <1.5> allowed
File: KellyKLS.pdf Graphic file (type pdf)
<use KellyKLS.pdf>
Package pdftex.def Info: KellyKLS.pdf  used on input line 3.
(pdftex.def)             Requested size: 597.5309pt x 845.05507pt.


pdfTeX warning: pdflatex (file ./KellyKLS.pdf): PDF inclusion: found PDF versio
n <1.7>, but at most version <1.5> allowed
File: KellyKLS.pdf Graphic file (type pdf)
<use KellyKLS.pdf>
Package pdftex.def Info: KellyKLS.pdf  used on input line 3.
(pdftex.def)             Requested size: 597.5309pt x 845.05507pt.


pdfTeX warning: pdflatex (file ./KellyKLS.pdf): PDF inclusion: found PDF versio
n <1.7>, but at most version <1.5> allowed
File: KellyKLS.pdf Graphic file (type pdf)
<use KellyKLS.pdf>
Package pdftex.def Info: KellyKLS.pdf  used on input line 3.
(pdftex.def)             Requested size: 597.5309pt x 845.05507pt.


pdfTeX warning: pdflatex (file ./KellyKLS.pdf): PDF inclusion: found PDF versio
n <1.7>, but at most version <1.5> allowed
File: KellyKLS.pdf Graphic file (type pdf)
<use KellyKLS.pdf>
Package pdftex.def Info: KellyKLS.pdf  used on input line 3.
(pdftex.def)             Requested size: 597.5309pt x 845.05507pt.


pdfTeX warning: pdflatex (file ./KellyKLS.pdf): PDF inclusion: found PDF versio
n <1.7>, but at most version <1.5> allowed


pdfTeX warning: pdflatex (file ./KellyKLS.pdf): PDF inclusion: found PDF versio
n <1.7>, but at most version <1.5> allowed
<KellyKLS.pdf, id=152, page=1, 597.53236pt x 845.05714pt>
File: KellyKLS.pdf Graphic file (type pdf)
<use KellyKLS.pdf, page 1>
Package pdftex.def Info: KellyKLS.pdf , page1 used on input line 3.
(pdftex.def)             Requested size: 597.5309pt x 845.05507pt.
File: KellyKLS.pdf Graphic file (type pdf)
<use KellyKLS.pdf, page 1>
Package pdftex.def Info: KellyKLS.pdf , page1 used on input line 3.
(pdftex.def)             Requested size: 597.55824pt x 845.09375pt.

Package fancyhdr Warning: \headheight is too small (12.0pt): 
(fancyhdr)                Make it at least 14.49998pt, for example:
(fancyhdr)                \setlength{\headheight}{14.49998pt}.
(fancyhdr)                You might also make \topmargin smaller to compensate:

(fancyhdr)                \addtolength{\topmargin}{-2.49998pt}.

[8




]
File: KellyKLS.pdf Graphic file (type pdf)
<use KellyKLS.pdf, page 1>
Package pdftex.def Info: KellyKLS.pdf , page1 used on input line 3.
(pdftex.def)             Requested size: 597.55824pt x 845.09375pt.
File: KellyKLS.pdf Graphic file (type pdf)
<use KellyKLS.pdf, page 1>
Package pdftex.def Info: KellyKLS.pdf , page1 used on input line 3.
(pdftex.def)             Requested size: 597.55824pt x 845.09375pt.
File: KellyKLS.pdf Graphic file (type pdf)
<use KellyKLS.pdf, page 1>
Package pdftex.def Info: KellyKLS.pdf , page1 used on input line 3.
(pdftex.def)             Requested size: 597.55824pt x 845.09375pt.
 [9 <./KellyKLS.pdf>]

pdfTeX warning: pdflatex (file ./KellyKLS.pdf): PDF inclusion: found PDF versio
n <1.7>, but at most version <1.5> allowed
<KellyKLS.pdf, id=177, page=4, 597.53236pt x 845.05714pt>
File: KellyKLS.pdf Graphic file (type pdf)
<use KellyKLS.pdf, page 4>
Package pdftex.def Info: KellyKLS.pdf , page4 used on input line 3.
(pdftex.def)             Requested size: 597.55824pt x 845.09375pt.
File: KellyKLS.pdf Graphic file (type pdf)
<use KellyKLS.pdf, page 4>
Package pdftex.def Info: KellyKLS.pdf , page4 used on input line 3.
(pdftex.def)             Requested size: 597.55824pt x 845.09375pt.
File: KellyKLS.pdf Graphic file (type pdf)
<use KellyKLS.pdf, page 4>
Package pdftex.def Info: KellyKLS.pdf , page4 used on input line 3.
(pdftex.def)             Requested size: 597.55824pt x 845.09375pt.
[10 <./KellyKLS.pdf>]

pdfTeX warning: pdflatex (file ./KellyKLS.pdf): PDF inclusion: found PDF versio
n <1.7>, but at most version <1.5> allowed
<KellyKLS.pdf, id=187, page=5, 597.53236pt x 845.05714pt>
File: KellyKLS.pdf Graphic file (type pdf)
<use KellyKLS.pdf, page 5>
Package pdftex.def Info: KellyKLS.pdf , page5 used on input line 3.
(pdftex.def)             Requested size: 597.55824pt x 845.09375pt.
File: KellyKLS.pdf Graphic file (type pdf)
<use KellyKLS.pdf, page 5>
Package pdftex.def Info: KellyKLS.pdf , page5 used on input line 3.
(pdftex.def)             Requested size: 597.55824pt x 845.09375pt.
File: KellyKLS.pdf Graphic file (type pdf)
<use KellyKLS.pdf, page 5>
Package pdftex.def Info: KellyKLS.pdf , page5 used on input line 3.
(pdftex.def)             Requested size: 597.55824pt x 845.09375pt.
[11 <./KellyKLS.pdf>]

pdfTeX warning: pdflatex (file ./KellyKLS.pdf): PDF inclusion: found PDF versio
n <1.7>, but at most version <1.5> allowed
<KellyKLS.pdf, id=203, page=6, 597.53236pt x 845.05714pt>
File: KellyKLS.pdf Graphic file (type pdf)
<use KellyKLS.pdf, page 6>
Package pdftex.def Info: KellyKLS.pdf , page6 used on input line 3.
(pdftex.def)             Requested size: 597.55824pt x 845.09375pt.
File: KellyKLS.pdf Graphic file (type pdf)
<use KellyKLS.pdf, page 6>
Package pdftex.def Info: KellyKLS.pdf , page6 used on input line 3.
(pdftex.def)             Requested size: 597.55824pt x 845.09375pt.
File: KellyKLS.pdf Graphic file (type pdf)
<use KellyKLS.pdf, page 6>
Package pdftex.def Info: KellyKLS.pdf , page6 used on input line 3.
(pdftex.def)             Requested size: 597.55824pt x 845.09375pt.
[12 <./KellyKLS.pdf>]

pdfTeX warning: pdflatex (file ./KellyKLS.pdf): PDF inclusion: found PDF versio
n <1.7>, but at most version <1.5> allowed
<KellyKLS.pdf, id=208, page=7, 597.53236pt x 845.05714pt>
File: KellyKLS.pdf Graphic file (type pdf)
<use KellyKLS.pdf, page 7>
Package pdftex.def Info: KellyKLS.pdf , page7 used on input line 3.
(pdftex.def)             Requested size: 597.55824pt x 845.09375pt.
File: KellyKLS.pdf Graphic file (type pdf)
<use KellyKLS.pdf, page 7>
Package pdftex.def Info: KellyKLS.pdf , page7 used on input line 3.
(pdftex.def)             Requested size: 597.55824pt x 845.09375pt.
File: KellyKLS.pdf Graphic file (type pdf)
<use KellyKLS.pdf, page 7>
Package pdftex.def Info: KellyKLS.pdf , page7 used on input line 3.
(pdftex.def)             Requested size: 597.55824pt x 845.09375pt.
[13 <./KellyKLS.pdf>]

pdfTeX warning: pdflatex (file ./KellyKLS.pdf): PDF inclusion: found PDF versio
n <1.7>, but at most version <1.5> allowed
<KellyKLS.pdf, id=213, page=10, 597.53236pt x 845.05714pt>
File: KellyKLS.pdf Graphic file (type pdf)
<use KellyKLS.pdf, page 10>
Package pdftex.def Info: KellyKLS.pdf , page10 used on input line 3.
(pdftex.def)             Requested size: 597.55824pt x 845.09375pt.
File: KellyKLS.pdf Graphic file (type pdf)
<use KellyKLS.pdf, page 10>
Package pdftex.def Info: KellyKLS.pdf , page10 used on input line 3.
(pdftex.def)             Requested size: 597.55824pt x 845.09375pt.
File: KellyKLS.pdf Graphic file (type pdf)
<use KellyKLS.pdf, page 10>
Package pdftex.def Info: KellyKLS.pdf , page10 used on input line 3.
(pdftex.def)             Requested size: 597.55824pt x 845.09375pt.
[14 <./KellyKLS.pdf>]

pdfTeX warning: pdflatex (file ./KellyKLS.pdf): PDF inclusion: found PDF versio
n <1.7>, but at most version <1.5> allowed
<KellyKLS.pdf, id=220, page=12, 597.53236pt x 845.05714pt>
File: KellyKLS.pdf Graphic file (type pdf)
<use KellyKLS.pdf, page 12>
Package pdftex.def Info: KellyKLS.pdf , page12 used on input line 3.
(pdftex.def)             Requested size: 597.55824pt x 845.09375pt.
File: KellyKLS.pdf Graphic file (type pdf)
<use KellyKLS.pdf, page 12>
Package pdftex.def Info: KellyKLS.pdf , page12 used on input line 3.
(pdftex.def)             Requested size: 597.55824pt x 845.09375pt.
File: KellyKLS.pdf Graphic file (type pdf)
<use KellyKLS.pdf, page 12>
Package pdftex.def Info: KellyKLS.pdf , page12 used on input line 3.
(pdftex.def)             Requested size: 597.55824pt x 845.09375pt.
[15 <./KellyKLS.pdf>]

pdfTeX warning: pdflatex (file ./KellyKLS.pdf): PDF inclusion: found PDF versio
n <1.7>, but at most version <1.5> allowed
<KellyKLS.pdf, id=226, page=13, 597.53236pt x 845.05714pt>
File: KellyKLS.pdf Graphic file (type pdf)
<use KellyKLS.pdf, page 13>
Package pdftex.def Info: KellyKLS.pdf , page13 used on input line 3.
(pdftex.def)             Requested size: 597.55824pt x 845.09375pt.
File: KellyKLS.pdf Graphic file (type pdf)
<use KellyKLS.pdf, page 13>
Package pdftex.def Info: KellyKLS.pdf , page13 used on input line 3.
(pdftex.def)             Requested size: 597.55824pt x 845.09375pt.
File: KellyKLS.pdf Graphic file (type pdf)
<use KellyKLS.pdf, page 13>
Package pdftex.def Info: KellyKLS.pdf , page13 used on input line 3.
(pdftex.def)             Requested size: 597.55824pt x 845.09375pt.
[16 <./KellyKLS.pdf>]

pdfTeX warning: pdflatex (file ./KellyKLS.pdf): PDF inclusion: found PDF versio
n <1.7>, but at most version <1.5> allowed
<KellyKLS.pdf, id=231, page=14, 597.53236pt x 845.05714pt>
File: KellyKLS.pdf Graphic file (type pdf)
<use KellyKLS.pdf, page 14>
Package pdftex.def Info: KellyKLS.pdf , page14 used on input line 3.
(pdftex.def)             Requested size: 597.55824pt x 845.09375pt.
File: KellyKLS.pdf Graphic file (type pdf)
<use KellyKLS.pdf, page 14>
Package pdftex.def Info: KellyKLS.pdf , page14 used on input line 3.
(pdftex.def)             Requested size: 597.55824pt x 845.09375pt.
File: KellyKLS.pdf Graphic file (type pdf)
<use KellyKLS.pdf, page 14>
Package pdftex.def Info: KellyKLS.pdf , page14 used on input line 3.
(pdftex.def)             Requested size: 597.55824pt x 845.09375pt.
[17 <./KellyKLS.pdf>]) (Halimic_Electric_Car_Control.aux (vehicle_1.aux)
(prilog_motor.aux) (prilog_kelly.aux))
Package rerunfilecheck Info: File `Halimic_Electric_Car_Control.out' has not ch
anged.
(rerunfilecheck)             Checksum: 1EDC1C15A8DF20EB958A1C90AF4E54E6;898.
 ) 
Here is how much of TeX's memory you used:
 17550 strings out of 478927
 272617 string characters out of 2852061
 637732 words of memory out of 3000000
 34950 multiletter control sequences out of 15000+600000
 467100 words of font info for 116 fonts, out of 8000000 for 9000
 1141 hyphenation exceptions out of 8191
 110i,17n,108p,936b,623s stack positions out of 5000i,500n,10000p,200000b,80000s
{C:/Users/Pojkan/AppData/Local/Programs/MiKTeX/fonts/enc/dvips/base/8r.enc}<C
:/Users/Pojkan/AppData/Local/Programs/MiKTeX/fonts/type1/public/amsfonts/cm/cmm
i10.pfb><C:/Users/Pojkan/AppData/Local/Programs/MiKTeX/fonts/type1/urw/times/ut
mb8a.pfb><C:/Users/Pojkan/AppData/Local/Programs/MiKTeX/fonts/type1/urw/times/u
tmr8a.pfb><C:/Users/Pojkan/AppData/Local/Programs/MiKTeX/fonts/type1/urw/times/
utmr8a.pfb><C:/Users/Pojkan/AppData/Local/Programs/MiKTeX/fonts/type1/urw/times
/utmri8a.pfb>
Output written on Halimic_Electric_Car_Control.pdf (19 pages, 977800 bytes).
PDF statistics:
 270 PDF objects out of 1000 (max. 8388607)
 27 named destinations out of 1000 (max. 500000)
 209 words of extra memory for PDF output out of 10000 (max. 10000000)

